<?xml version="1.0" encoding="UTF-8"?>
<testng-results skipped="0" failed="1" ignored="0" total="1" passed="0">
  <reporter-output>
  </reporter-output>
  <suite name="Suite" duration-ms="294465" started-at="2018-12-24T17:05:00Z" finished-at="2018-12-24T17:09:55Z">
    <groups>
    </groups>
    <test name="Test" duration-ms="294465" started-at="2018-12-24T17:05:00Z" finished-at="2018-12-24T17:09:55Z">
      <class name="com.appium.demo.rbc.appiumrbcdemo.tests.ShopByCategoryTestCases">
        <test-method status="PASS" signature="setup(org.testng.ITestContext)[pri:0, instance:com.appium.demo.rbc.appiumrbcdemo.tests.ShopByCategoryTestCases@1ed1993a]" name="setup" is-config="true" duration-ms="100" started-at="2018-12-24T17:05:00Z" finished-at="2018-12-24T17:05:00Z">
          <params>
            <param index="0">
              <value>
                <![CDATA[org.testng.TestRunner@7383eae2]]>
              </value>
            </param>
          </params>
          <reporter-output>
          </reporter-output>
        </test-method> <!-- setup -->
        <test-method status="PASS" signature="beforeTest(java.lang.String, java.lang.String, java.lang.String)[pri:0, instance:com.appium.demo.rbc.appiumrbcdemo.tests.ShopByCategoryTestCases@1ed1993a]" name="beforeTest" is-config="true" duration-ms="21619" started-at="2018-12-24T17:05:00Z" finished-at="2018-12-24T17:05:22Z">
          <params>
            <param index="0">
              <value>
                <![CDATA[android]]>
              </value>
            </param>
            <param index="1">
              <value>
                <![CDATA[c75c06ff]]>
              </value>
            </param>
            <param index="2">
              <value>
                <![CDATA[7.1.1]]>
              </value>
            </param>
          </params>
          <reporter-output>
          </reporter-output>
        </test-method> <!-- beforeTest -->
        <test-method status="FAIL" signature="verifyKindleItems()[pri:0, instance:com.appium.demo.rbc.appiumrbcdemo.tests.ShopByCategoryTestCases@1ed1993a]" name="verifyKindleItems" duration-ms="265269" started-at="2018-12-24T17:05:22Z" finished-at="2018-12-24T17:09:47Z">
          <exception class="java.lang.AssertionError">
            <message>
              <![CDATA[The Kindle Items are not present in the List]]>
            </message>
            <full-stacktrace>
              <![CDATA[java.lang.AssertionError: The Kindle Items are not present in the List
at org.testng.Assert.fail(Assert.java:96)
at org.testng.Assert.assertNotEquals(Assert.java:1157)
at org.testng.asserts.Assertion$61.doAssert(Assertion.java:656)
at org.testng.asserts.Assertion.executeAssert(Assertion.java:30)
at org.testng.asserts.Assertion.doAssert(Assertion.java:15)
at org.testng.asserts.Assertion.assertNotEquals(Assertion.java:653)
at com.appium.demo.rbc.appiumrbcdemo.pages.ShopByCategory.verifyKindleItems(ShopByCategory.java:91)
at com.appium.demo.rbc.appiumrbcdemo.tests.ShopByCategoryTestCases.verifyKindleItems(ShopByCategoryTestCases.java:30)
at sun.reflect.NativeMethodAccessorImpl.invoke0(Native Method)
at sun.reflect.NativeMethodAccessorImpl.invoke(NativeMethodAccessorImpl.java:62)
at sun.reflect.DelegatingMethodAccessorImpl.invoke(DelegatingMethodAccessorImpl.java:43)
at java.lang.reflect.Method.invoke(Method.java:498)
at org.testng.internal.MethodInvocationHelper.invokeMethod(MethodInvocationHelper.java:124)
at org.testng.internal.Invoker.invokeMethod(Invoker.java:580)
at org.testng.internal.Invoker.invokeTestMethod(Invoker.java:716)
at org.testng.internal.Invoker.invokeTestMethods(Invoker.java:988)
at org.testng.internal.TestMethodWorker.invokeTestMethods(TestMethodWorker.java:125)
at org.testng.internal.TestMethodWorker.run(TestMethodWorker.java:109)
at org.testng.TestRunner.privateRun(TestRunner.java:648)
at org.testng.TestRunner.run(TestRunner.java:505)
at org.testng.SuiteRunner.runTest(SuiteRunner.java:455)
at org.testng.SuiteRunner.runSequentially(SuiteRunner.java:450)
at org.testng.SuiteRunner.privateRun(SuiteRunner.java:415)
at org.testng.SuiteRunner.run(SuiteRunner.java:364)
at org.testng.SuiteRunnerWorker.runSuite(SuiteRunnerWorker.java:52)
at org.testng.SuiteRunnerWorker.run(SuiteRunnerWorker.java:84)
at org.testng.TestNG.runSuitesSequentially(TestNG.java:1208)
at org.testng.TestNG.runSuitesLocally(TestNG.java:1137)
at org.testng.TestNG.runSuites(TestNG.java:1049)
at org.testng.TestNG.run(TestNG.java:1017)
at org.testng.remote.AbstractRemoteTestNG.run(AbstractRemoteTestNG.java:114)
at org.testng.remote.RemoteTestNG.initAndRun(RemoteTestNG.java:251)
at org.testng.remote.RemoteTestNG.main(RemoteTestNG.java:77)
]]>
            </full-stacktrace>
          </exception> <!-- java.lang.AssertionError -->
          <reporter-output>
          </reporter-output>
        </test-method> <!-- verifyKindleItems -->
        <test-method status="PASS" signature="End()[pri:0, instance:com.appium.demo.rbc.appiumrbcdemo.tests.ShopByCategoryTestCases@1ed1993a]" name="End" is-config="true" duration-ms="7441" started-at="2018-12-24T17:09:47Z" finished-at="2018-12-24T17:09:55Z">
          <reporter-output>
          </reporter-output>
        </test-method> <!-- End -->
      </class> <!-- com.appium.demo.rbc.appiumrbcdemo.tests.ShopByCategoryTestCases -->
    </test> <!-- Test -->
  </suite> <!-- Suite -->
</testng-results>
